# JRE version: OpenJDK Runtime Environment (11.0.12+7) (build 11.0.12+7-b1504.28-7817840)
# Java VM: OpenJDK 64-Bit Server VM (11.0.12+7-b1504.28-7817840, mixed mode, tiered, compressed oops, g1 gc, windows-amd64)
Heap:
 garbage-first heap   total 206848K, used 170593K [0x0000000080000000, 0x0000000100000000)
  region size 1024K, 54 young (55296K), 7 survivors (7168K)
 Metaspace       used 106355K, capacity 109313K, committed 109388K, reserved 1144832K
  class space    used 13324K, capacity 14385K, committed 14412K, reserved 1048576K
GC Heap History (20 events):
Event: 2174.759 GC heap before
{Heap before GC invocations=63 (full 0):
 garbage-first heap   total 206848K, used 171750K [0x0000000080000000, 0x0000000100000000)
  region size 1024K, 50 young (51200K), 5 survivors (5120K)
 Metaspace       used 100939K, capacity 103809K, committed 104396K, reserved 1140736K
  class space    used 12759K, capacity 13791K, committed 14028K, reserved 1048576K
}
Event: 2174.803 GC heap after
{Heap after GC invocations=64 (full 0):
 garbage-first heap   total 206848K, used 129476K [0x0000000080000000, 0x0000000100000000)
  region size 1024K, 7 young (7168K), 7 survivors (7168K)
 Metaspace       used 100939K, capacity 103809K, committed 104396K, reserved 1140736K
  class space    used 12759K, capacity 13791K, committed 14028K, reserved 1048576K
}
Event: 2174.883 GC heap before
{Heap before GC invocations=64 (full 0):
 garbage-first heap   total 206848K, used 132548K [0x0000000080000000, 0x0000000100000000)
  region size 1024K, 10 young (10240K), 7 survivors (7168K)
 Metaspace       used 101340K, capacity 104225K, committed 104908K, reserved 1140736K
  class space    used 12799K, capacity 13823K, committed 14028K, reserved 1048576K
}
Event: 2175.018 GC heap after
{Heap after GC invocations=65 (full 0):
 garbage-first heap   total 206848K, used 123302K [0x0000000080000000, 0x0000000100000000)
  region size 1024K, 2 young (2048K), 2 survivors (2048K)
 Metaspace       used 101340K, capacity 104225K, committed 104908K, reserved 1140736K
  class space    used 12799K, capacity 13823K, committed 14028K, reserved 1048576K
}
Event: 2175.595 GC heap before
{Heap before GC invocations=65 (full 0):
 garbage-first heap   total 206848K, used 130470K [0x0000000080000000, 0x0000000100000000)
  region size 1024K, 10 young (10240K), 2 survivors (2048K)
 Metaspace       used 102355K, capacity 105281K, committed 105804K, reserved 1140736K
  class space    used 12900K, capacity 13919K, committed 14156K, reserved 1048576K
}
Event: 2175.625 GC heap after
{Heap after GC invocations=66 (full 0):
 garbage-first heap   total 206848K, used 121484K [0x0000000080000000, 0x0000000100000000)
  region size 1024K, 1 young (1024K), 1 survivors (1024K)
 Metaspace       used 102355K, capacity 105281K, committed 105804K, reserved 1140736K
  class space    used 12900K, capacity 13919K, committed 14156K, reserved 1048576K
}
Event: 2177.338 GC heap before
{Heap before GC invocations=66 (full 0):
 garbage-first heap   total 206848K, used 168588K [0x0000000080000000, 0x0000000100000000)
  region size 1024K, 47 young (48128K), 1 survivors (1024K)
 Metaspace       used 103078K, capacity 105981K, committed 106316K, reserved 1140736K
  class space    used 12989K, capacity 14018K, committed 14156K, reserved 1048576K
}
Event: 2177.358 GC heap after
{Heap after GC invocations=67 (full 0):
 garbage-first heap   total 206848K, used 124519K [0x0000000080000000, 0x0000000100000000)
  region size 1024K, 4 young (4096K), 4 survivors (4096K)
 Metaspace       used 103078K, capacity 105981K, committed 106316K, reserved 1140736K
  class space    used 12989K, capacity 14018K, committed 14156K, reserved 1048576K
}
Event: 3747.410 GC heap before
{Heap before GC invocations=68 (full 0):
 garbage-first heap   total 206848K, used 168551K [0x0000000080000000, 0x0000000100000000)
  region size 1024K, 49 young (50176K), 4 survivors (4096K)
 Metaspace       used 104547K, capacity 107498K, committed 107852K, reserved 1142784K
  class space    used 13183K, capacity 14235K, committed 14412K, reserved 1048576K
}
Event: 3747.525 GC heap after
{Heap after GC invocations=69 (full 0):
 garbage-first heap   total 206848K, used 123722K [0x0000000080000000, 0x0000000100000000)
  region size 1024K, 5 young (5120K), 5 survivors (5120K)
 Metaspace       used 104547K, capacity 107498K, committed 107852K, reserved 1142784K
  class space    used 13183K, capacity 14235K, committed 14412K, reserved 1048576K
}
Event: 4000.422 GC heap before
{Heap before GC invocations=69 (full 0):
 garbage-first heap   total 206848K, used 128842K [0x0000000080000000, 0x0000000100000000)
  region size 1024K, 10 young (10240K), 5 survivors (5120K)
 Metaspace       used 104564K, capacity 107562K, committed 107852K, reserved 1142784K
  class space    used 13183K, capacity 14235K, committed 14412K, reserved 1048576K
}
Event: 4000.516 GC heap after
{Heap after GC invocations=70 (full 0):
 garbage-first heap   total 206848K, used 117191K [0x0000000080000000, 0x0000000100000000)
  region size 1024K, 2 young (2048K), 2 survivors (2048K)
 Metaspace       used 104564K, capacity 107562K, committed 107852K, reserved 1142784K
  class space    used 13183K, capacity 14235K, committed 14412K, reserved 1048576K
}
Event: 4192.440 GC heap before
{Heap before GC invocations=70 (full 0):
 garbage-first heap   total 206848K, used 166343K [0x0000000080000000, 0x0000000100000000)
  region size 1024K, 51 young (52224K), 2 survivors (2048K)
 Metaspace       used 104839K, capacity 107929K, committed 108108K, reserved 1142784K
  class space    used 13196K, capacity 14255K, committed 14412K, reserved 1048576K
}
Event: 4192.494 GC heap after
{Heap after GC invocations=71 (full 0):
 garbage-first heap   total 206848K, used 121552K [0x0000000080000000, 0x0000000100000000)
  region size 1024K, 6 young (6144K), 6 survivors (6144K)
 Metaspace       used 104839K, capacity 107929K, committed 108108K, reserved 1142784K
  class space    used 13196K, capacity 14255K, committed 14412K, reserved 1048576K
}
Event: 4555.403 GC heap before
{Heap before GC invocations=72 (full 0):
 garbage-first heap   total 206848K, used 169680K [0x0000000080000000, 0x0000000100000000)
  region size 1024K, 53 young (54272K), 6 survivors (6144K)
 Metaspace       used 102694K, capacity 105550K, committed 108364K, reserved 1142784K
  class space    used 12904K, capacity 13926K, committed 14412K, reserved 1048576K
}
Event: 4555.524 GC heap after
{Heap after GC invocations=73 (full 0):
 garbage-first heap   total 206848K, used 118379K [0x0000000080000000, 0x0000000100000000)
  region size 1024K, 2 young (2048K), 2 survivors (2048K)
 Metaspace       used 102694K, capacity 105550K, committed 108364K, reserved 1142784K
  class space    used 12904K, capacity 13926K, committed 14412K, reserved 1048576K
}
Event: 4744.534 GC heap before
{Heap before GC invocations=73 (full 0):
 garbage-first heap   total 206848K, used 125547K [0x0000000080000000, 0x0000000100000000)
  region size 1024K, 10 young (10240K), 2 survivors (2048K)
 Metaspace       used 102765K, capacity 105650K, committed 108364K, reserved 1142784K
  class space    used 12913K, capacity 13935K, committed 14412K, reserved 1048576K
}
Event: 4744.599 GC heap after
{Heap after GC invocations=74 (full 0):
 garbage-first heap   total 206848K, used 117412K [0x0000000080000000, 0x0000000100000000)
  region size 1024K, 2 young (2048K), 2 survivors (2048K)
 Metaspace       used 102765K, capacity 105650K, committed 108364K, reserved 1142784K
  class space    used 12913K, capacity 13935K, committed 14412K, reserved 1048576K
}
Event: 4747.162 GC heap before
{Heap before GC invocations=74 (full 0):
 garbage-first heap   total 206848K, used 168612K [0x0000000080000000, 0x0000000100000000)
  region size 1024K, 52 young (53248K), 2 survivors (2048K)
 Metaspace       used 104536K, capacity 107430K, committed 108364K, reserved 1142784K
  class space    used 13155K, capacity 14201K, committed 14412K, reserved 1048576K
}
Event: 4747.203 GC heap after
{Heap after GC invocations=75 (full 0):
 garbage-first heap   total 206848K, used 122465K [0x0000000080000000, 0x0000000100000000)
  region size 1024K, 7 young (7168K), 7 survivors (7168K)
 Metaspace       used 104536K, capacity 107430K, committed 108364K, reserved 1142784K
  class space    used 13155K, capacity 14201K, committed 14412K, reserved 1048576K
}

